# JRE version: OpenJDK Runtime Environment Corretto-17.0.5.8.1 (17.0.5+8) (build 17.0.5+8-LTS)
# Java VM: OpenJDK 64-Bit Server VM Corretto-17.0.5.8.1 (17.0.5+8-LTS, mixed mode, sharing, tiered, compressed oops, compressed class ptrs, g1 gc, windows-amd64)
GC Precious Log:
 CPUs: 4 total, 4 available
 Memory: 3984M
 Large Page Support: Disabled
 NUMA Support: Disabled
 Compressed Oops: Enabled (32-bit)
 Heap Region Size: 1M
 Heap Min Capacity: 8M
 Heap Initial Capacity: 64M
 Heap Max Capacity: 998M
 Pre-touch: Disabled
 Parallel Workers: 4
 Concurrent Workers: 1
 Concurrent Refinement Workers: 4
 Periodic GC: Disabled
Heap:
 garbage-first heap   total 61440K, used 31566K [0x00000000c1a00000, 0x0000000100000000)
  region size 1024K, 7 young (7168K), 2 survivors (2048K)
 Metaspace       used 57540K, committed 58112K, reserved 1105920K
  class space    used 8001K, committed 8256K, reserved 1048576K
GC Heap History (20 events):
Event: 16.248 GC heap before
{Heap before GC invocations=9 (full 0):
 garbage-first heap   total 51200K, used 36992K [0x00000000c1a00000, 0x0000000100000000)
  region size 1024K, 23 young (23552K), 3 survivors (3072K)
 Metaspace       used 32052K, committed 32512K, reserved 1081344K
  class space    used 4159K, committed 4352K, reserved 1048576K
}
Event: 16.261 GC heap after
{Heap after GC invocations=10 (full 0):
 garbage-first heap   total 51200K, used 17834K [0x00000000c1a00000, 0x0000000100000000)
  region size 1024K, 2 young (2048K), 2 survivors (2048K)
 Metaspace       used 32052K, committed 32512K, reserved 1081344K
  class space    used 4159K, committed 4352K, reserved 1048576K
}
Event: 17.745 GC heap before
{Heap before GC invocations=10 (full 0):
 garbage-first heap   total 51200K, used 35242K [0x00000000c1a00000, 0x0000000100000000)
  region size 1024K, 20 young (20480K), 2 survivors (2048K)
 Metaspace       used 35573K, committed 35968K, reserved 1081344K
  class space    used 4702K, committed 4928K, reserved 1048576K
}
Event: 17.754 GC heap after
{Heap after GC invocations=11 (full 0):
 garbage-first heap   total 51200K, used 18755K [0x00000000c1a00000, 0x0000000100000000)
  region size 1024K, 3 young (3072K), 3 survivors (3072K)
 Metaspace       used 35573K, committed 35968K, reserved 1081344K
  class space    used 4702K, committed 4928K, reserved 1048576K
}
Event: 19.694 GC heap before
{Heap before GC invocations=12 (full 0):
 garbage-first heap   total 51200K, used 38211K [0x00000000c1a00000, 0x0000000100000000)
  region size 1024K, 22 young (22528K), 3 survivors (3072K)
 Metaspace       used 39844K, committed 40256K, reserved 1089536K
  class space    used 5378K, committed 5568K, reserved 1048576K
}
Event: 19.706 GC heap after
{Heap after GC invocations=13 (full 0):
 garbage-first heap   total 51200K, used 19707K [0x00000000c1a00000, 0x0000000100000000)
  region size 1024K, 2 young (2048K), 2 survivors (2048K)
 Metaspace       used 39844K, committed 40256K, reserved 1089536K
  class space    used 5378K, committed 5568K, reserved 1048576K
}
Event: 21.366 GC heap before
{Heap before GC invocations=13 (full 0):
 garbage-first heap   total 51200K, used 39163K [0x00000000c1a00000, 0x0000000100000000)
  region size 1024K, 22 young (22528K), 2 survivors (2048K)
 Metaspace       used 45335K, committed 45696K, reserved 1089536K
  class space    used 6162K, committed 6336K, reserved 1048576K
}
Event: 21.377 GC heap after
{Heap after GC invocations=14 (full 0):
 garbage-first heap   total 51200K, used 20642K [0x00000000c1a00000, 0x0000000100000000)
  region size 1024K, 2 young (2048K), 2 survivors (2048K)
 Metaspace       used 45335K, committed 45696K, reserved 1089536K
  class space    used 6162K, committed 6336K, reserved 1048576K
}
Event: 22.833 GC heap before
{Heap before GC invocations=14 (full 0):
 garbage-first heap   total 51200K, used 40098K [0x00000000c1a00000, 0x0000000100000000)
  region size 1024K, 21 young (21504K), 2 survivors (2048K)
 Metaspace       used 48739K, committed 49216K, reserved 1097728K
  class space    used 6761K, committed 6976K, reserved 1048576K
}
Event: 22.843 GC heap after
{Heap after GC invocations=15 (full 0):
 garbage-first heap   total 51200K, used 21463K [0x00000000c1a00000, 0x0000000100000000)
  region size 1024K, 2 young (2048K), 2 survivors (2048K)
 Metaspace       used 48739K, committed 49216K, reserved 1097728K
  class space    used 6761K, committed 6976K, reserved 1048576K
}
Event: 24.091 GC heap before
{Heap before GC invocations=15 (full 0):
 garbage-first heap   total 51200K, used 40919K [0x00000000c1a00000, 0x0000000100000000)
  region size 1024K, 21 young (21504K), 2 survivors (2048K)
 Metaspace       used 52648K, committed 53120K, reserved 1097728K
  class space    used 7264K, committed 7488K, reserved 1048576K
}
Event: 24.105 GC heap after
{Heap after GC invocations=16 (full 0):
 garbage-first heap   total 51200K, used 23135K [0x00000000c1a00000, 0x0000000100000000)
  region size 1024K, 3 young (3072K), 3 survivors (3072K)
 Metaspace       used 52648K, committed 53120K, reserved 1097728K
  class space    used 7264K, committed 7488K, reserved 1048576K
}
Event: 24.742 GC heap before
{Heap before GC invocations=16 (full 0):
 garbage-first heap   total 51200K, used 40543K [0x00000000c1a00000, 0x0000000100000000)
  region size 1024K, 20 young (20480K), 3 survivors (3072K)
 Metaspace       used 53332K, committed 53760K, reserved 1097728K
  class space    used 7369K, committed 7552K, reserved 1048576K
}
Event: 24.753 GC heap after
{Heap after GC invocations=17 (full 0):
 garbage-first heap   total 51200K, used 23811K [0x00000000c1a00000, 0x0000000100000000)
  region size 1024K, 1 young (1024K), 1 survivors (1024K)
 Metaspace       used 53332K, committed 53760K, reserved 1097728K
  class space    used 7369K, committed 7552K, reserved 1048576K
}
Event: 25.355 GC heap before
{Heap before GC invocations=17 (full 0):
 garbage-first heap   total 51200K, used 41219K [0x00000000c1a00000, 0x0000000100000000)
  region size 1024K, 18 young (18432K), 1 survivors (1024K)
 Metaspace       used 54090K, committed 54528K, reserved 1097728K
  class space    used 7440K, committed 7616K, reserved 1048576K
}
Event: 25.363 GC heap after
{Heap after GC invocations=18 (full 0):
 garbage-first heap   total 51200K, used 24301K [0x00000000c1a00000, 0x0000000100000000)
  region size 1024K, 2 young (2048K), 2 survivors (2048K)
 Metaspace       used 54090K, committed 54528K, reserved 1097728K
  class space    used 7440K, committed 7616K, reserved 1048576K
}
Event: 26.630 GC heap before
{Heap before GC invocations=19 (full 0):
 garbage-first heap   total 51200K, used 41709K [0x00000000c1a00000, 0x0000000100000000)
  region size 1024K, 19 young (19456K), 2 survivors (2048K)
 Metaspace       used 55517K, committed 55936K, reserved 1097728K
  class space    used 7706K, committed 7872K, reserved 1048576K
}
Event: 26.645 GC heap after
{Heap after GC invocations=20 (full 0):
 garbage-first heap   total 51200K, used 26109K [0x00000000c1a00000, 0x0000000100000000)
  region size 1024K, 3 young (3072K), 3 survivors (3072K)
 Metaspace       used 55517K, committed 55936K, reserved 1097728K
  class space    used 7706K, committed 7872K, reserved 1048576K
}
Event: 27.449 GC heap before
{Heap before GC invocations=20 (full 0):
 garbage-first heap   total 51200K, used 41469K [0x00000000c1a00000, 0x0000000100000000)
  region size 1024K, 18 young (18432K), 3 survivors (3072K)
 Metaspace       used 56795K, committed 57216K, reserved 1097728K
  class space    used 7888K, committed 8064K, reserved 1048576K
}
Event: 27.468 GC heap after
{Heap after GC invocations=21 (full 0):
 garbage-first heap   total 61440K, used 27470K [0x00000000c1a00000, 0x0000000100000000)
  region size 1024K, 2 young (2048K), 2 survivors (2048K)
 Metaspace       used 56795K, committed 57216K, reserved 1097728K
  class space    used 7888K, committed 8064K, reserved 1048576K
}

